fltk_gld.lib(Fl_Gl_Window.obj) : warning LNK4099: 找不到 PDB 'fltk_gl.pdb' (有 'fltk_gld.lib(Fl_Gl_Window.obj)' 或位於 'D:\Daniel\Graphics\WaterSurface-master\build\Debug\fltk_gl.pdb')，當做沒有偵錯資訊，連結物件
fltk_gld.lib(Fl_Gl_Choice.obj) : warning LNK4099: 找不到 PDB 'fltk_gl.pdb' (有 'fltk_gld.lib(Fl_Gl_Choice.obj)' 或位於 'D:\Daniel\Graphics\WaterSurface-master\build\Debug\fltk_gl.pdb')，當做沒有偵錯資訊，連結物件
fltk_gld.lib(Fl_Gl_Device_Plugin.obj) : warning LNK4099: 找不到 PDB 'fltk_gl.pdb' (有 'fltk_gld.lib(Fl_Gl_Device_Plugin.obj)' 或位於 'D:\Daniel\Graphics\WaterSurface-master\build\Debug\fltk_gl.pdb')，當做沒有偵錯資訊，連結物件
fltk_gld.lib(gl_draw.obj) : warning LNK4099: 找不到 PDB 'fltk_gl.pdb' (有 'fltk_gld.lib(gl_draw.obj)' 或位於 'D:\Daniel\Graphics\WaterSurface-master\build\Debug\fltk_gl.pdb')，當做沒有偵錯資訊，連結物件
fltkd.lib(Fl_Double_Window.obj) : warning LNK4099: 找不到 PDB 'fltk.pdb' (有 'fltkd.lib(Fl_Double_Window.obj)' 或位於 'D:\Daniel\Graphics\WaterSurface-master\build\Debug\fltk.pdb')，當做沒有偵錯資訊，連結物件
fltkd.lib(Fl.obj) : warning LNK4099: 找不到 PDB 'fltk.pdb' (有 'fltkd.lib(Fl.obj)' 或位於 'D:\Daniel\Graphics\WaterSurface-master\build\Debug\fltk.pdb')，當做沒有偵錯資訊，連結物件
fltkd.lib(fl_ask.obj) : warning LNK4099: 找不到 PDB 'fltk.pdb' (有 'fltkd.lib(fl_ask.obj)' 或位於 'D:\Daniel\Graphics\WaterSurface-master\build\Debug\fltk.pdb')，當做沒有偵錯資訊，連結物件
fltkd.lib(fl_file_dir.obj) : warning LNK4099: 找不到 PDB 'fltk.pdb' (有 'fltkd.lib(fl_file_dir.obj)' 或位於 'D:\Daniel\Graphics\WaterSurface-master\build\Debug\fltk.pdb')，當做沒有偵錯資訊，連結物件
fltkd.lib(Fl_Widget.obj) : warning LNK4099: 找不到 PDB 'fltk.pdb' (有 'fltkd.lib(Fl_Widget.obj)' 或位於 'D:\Daniel\Graphics\WaterSurface-master\build\Debug\fltk.pdb')，當做沒有偵錯資訊，連結物件
fltkd.lib(Fl_Window.obj) : warning LNK4099: 找不到 PDB 'fltk.pdb' (有 'fltkd.lib(Fl_Window.obj)' 或位於 'D:\Daniel\Graphics\WaterSurface-master\build\Debug\fltk.pdb')，當做沒有偵錯資訊，連結物件
fltkd.lib(Fl_Browser.obj) : warning LNK4099: 找不到 PDB 'fltk.pdb' (有 'fltkd.lib(Fl_Browser.obj)' 或位於 'D:\Daniel\Graphics\WaterSurface-master\build\Debug\fltk.pdb')，當做沒有偵錯資訊，連結物件
fltkd.lib(Fl_add_idle.obj) : warning LNK4099: 找不到 PDB 'fltk.pdb' (有 'fltkd.lib(Fl_add_idle.obj)' 或位於 'D:\Daniel\Graphics\WaterSurface-master\build\Debug\fltk.pdb')，當做沒有偵錯資訊，連結物件
fltkd.lib(Fl_Box.obj) : warning LNK4099: 找不到 PDB 'fltk.pdb' (有 'fltkd.lib(Fl_Box.obj)' 或位於 'D:\Daniel\Graphics\WaterSurface-master\build\Debug\fltk.pdb')，當做沒有偵錯資訊，連結物件
fltkd.lib(Fl_Group.obj) : warning LNK4099: 找不到 PDB 'fltk.pdb' (有 'fltkd.lib(Fl_Group.obj)' 或位於 'D:\Daniel\Graphics\WaterSurface-master\build\Debug\fltk.pdb')，當做沒有偵錯資訊，連結物件
fltkd.lib(Fl_Window_shape.obj) : warning LNK4099: 找不到 PDB 'fltk.pdb' (有 'fltkd.lib(Fl_Window_shape.obj)' 或位於 'D:\Daniel\Graphics\WaterSurface-master\build\Debug\fltk.pdb')，當做沒有偵錯資訊，連結物件
fltkd.lib(Fl_Button.obj) : warning LNK4099: 找不到 PDB 'fltk.pdb' (有 'fltkd.lib(Fl_Button.obj)' 或位於 'D:\Daniel\Graphics\WaterSurface-master\build\Debug\fltk.pdb')，當做沒有偵錯資訊，連結物件
fltkd.lib(Fl_Valuator.obj) : warning LNK4099: 找不到 PDB 'fltk.pdb' (有 'fltkd.lib(Fl_Valuator.obj)' 或位於 'D:\Daniel\Graphics\WaterSurface-master\build\Debug\fltk.pdb')，當做沒有偵錯資訊，連結物件
fltkd.lib(Fl_Value_Slider.obj) : warning LNK4099: 找不到 PDB 'fltk.pdb' (有 'fltkd.lib(Fl_Value_Slider.obj)' 或位於 'D:\Daniel\Graphics\WaterSurface-master\build\Debug\fltk.pdb')，當做沒有偵錯資訊，連結物件
fltkd.lib(fl_utf8.obj) : warning LNK4099: 找不到 PDB 'fltk.pdb' (有 'fltkd.lib(fl_utf8.obj)' 或位於 'D:\Daniel\Graphics\WaterSurface-master\build\Debug\fltk.pdb')，當做沒有偵錯資訊，連結物件
fltkd.lib(Fl_abort.obj) : warning LNK4099: 找不到 PDB 'fltk.pdb' (有 'fltkd.lib(Fl_abort.obj)' 或位於 'D:\Daniel\Graphics\WaterSurface-master\build\Debug\fltk.pdb')，當做沒有偵錯資訊，連結物件
fltkd.lib(fl_color.obj) : warning LNK4099: 找不到 PDB 'fltk.pdb' (有 'fltkd.lib(fl_color.obj)' 或位於 'D:\Daniel\Graphics\WaterSurface-master\build\Debug\fltk.pdb')，當做沒有偵錯資訊，連結物件
fltkd.lib(Fl_Image.obj) : warning LNK4099: 找不到 PDB 'fltk.pdb' (有 'fltkd.lib(Fl_Image.obj)' 或位於 'D:\Daniel\Graphics\WaterSurface-master\build\Debug\fltk.pdb')，當做沒有偵錯資訊，連結物件
fltkd.lib(Fl_Preferences.obj) : warning LNK4099: 找不到 PDB 'fltk.pdb' (有 'fltkd.lib(Fl_Preferences.obj)' 或位於 'D:\Daniel\Graphics\WaterSurface-master\build\Debug\fltk.pdb')，當做沒有偵錯資訊，連結物件
fltkd.lib(Fl_Device.obj) : warning LNK4099: 找不到 PDB 'fltk.pdb' (有 'fltkd.lib(Fl_Device.obj)' 或位於 'D:\Daniel\Graphics\WaterSurface-master\build\Debug\fltk.pdb')，當做沒有偵錯資訊，連結物件
fltkd.lib(fl_utf.obj) : warning LNK4099: 找不到 PDB 'fltk.pdb' (有 'fltkd.lib(fl_utf.obj)' 或位於 'D:\Daniel\Graphics\WaterSurface-master\build\Debug\fltk.pdb')，當做沒有偵錯資訊，連結物件
fltkd.lib(fl_font.obj) : warning LNK4099: 找不到 PDB 'fltk.pdb' (有 'fltkd.lib(fl_font.obj)' 或位於 'D:\Daniel\Graphics\WaterSurface-master\build\Debug\fltk.pdb')，當做沒有偵錯資訊，連結物件
fltkd.lib(fl_draw.obj) : warning LNK4099: 找不到 PDB 'fltk.pdb' (有 'fltkd.lib(fl_draw.obj)' 或位於 'D:\Daniel\Graphics\WaterSurface-master\build\Debug\fltk.pdb')，當做沒有偵錯資訊，連結物件
fltkd.lib(Fl_Overlay_Window.obj) : warning LNK4099: 找不到 PDB 'fltk.pdb' (有 'fltkd.lib(Fl_Overlay_Window.obj)' 或位於 'D:\Daniel\Graphics\WaterSurface-master\build\Debug\fltk.pdb')，當做沒有偵錯資訊，連結物件
fltkd.lib(fl_rect.obj) : warning LNK4099: 找不到 PDB 'fltk.pdb' (有 'fltkd.lib(fl_rect.obj)' 或位於 'D:\Daniel\Graphics\WaterSurface-master\build\Debug\fltk.pdb')，當做沒有偵錯資訊，連結物件
fltkd.lib(fl_read_image.obj) : warning LNK4099: 找不到 PDB 'fltk.pdb' (有 'fltkd.lib(fl_read_image.obj)' 或位於 'D:\Daniel\Graphics\WaterSurface-master\build\Debug\fltk.pdb')，當做沒有偵錯資訊，連結物件
fltkd.lib(screen_xywh.obj) : warning LNK4099: 找不到 PDB 'fltk.pdb' (有 'fltkd.lib(screen_xywh.obj)' 或位於 'D:\Daniel\Graphics\WaterSurface-master\build\Debug\fltk.pdb')，當做沒有偵錯資訊，連結物件
fltkd.lib(Fl_lock.obj) : warning LNK4099: 找不到 PDB 'fltk.pdb' (有 'fltkd.lib(Fl_lock.obj)' 或位於 'D:\Daniel\Graphics\WaterSurface-master\build\Debug\fltk.pdb')，當做沒有偵錯資訊，連結物件
fltkd.lib(Fl_compose.obj) : warning LNK4099: 找不到 PDB 'fltk.pdb' (有 'fltkd.lib(Fl_compose.obj)' 或位於 'D:\Daniel\Graphics\WaterSurface-master\build\Debug\fltk.pdb')，當做沒有偵錯資訊，連結物件
fltkd.lib(fl_labeltype.obj) : warning LNK4099: 找不到 PDB 'fltk.pdb' (有 'fltkd.lib(fl_labeltype.obj)' 或位於 'D:\Daniel\Graphics\WaterSurface-master\build\Debug\fltk.pdb')，當做沒有偵錯資訊，連結物件
fltkd.lib(Fl_Tooltip.obj) : warning LNK4099: 找不到 PDB 'fltk.pdb' (有 'fltkd.lib(Fl_Tooltip.obj)' 或位於 'D:\Daniel\Graphics\WaterSurface-master\build\Debug\fltk.pdb')，當做沒有偵錯資訊，連結物件
fltkd.lib(Fl_get_system_colors.obj) : warning LNK4099: 找不到 PDB 'fltk.pdb' (有 'fltkd.lib(Fl_get_system_colors.obj)' 或位於 'D:\Daniel\Graphics\WaterSurface-master\build\Debug\fltk.pdb')，當做沒有偵錯資訊，連結物件
fltkd.lib(Fl_Window_fullscreen.obj) : warning LNK4099: 找不到 PDB 'fltk.pdb' (有 'fltkd.lib(Fl_Window_fullscreen.obj)' 或位於 'D:\Daniel\Graphics\WaterSurface-master\build\Debug\fltk.pdb')，當做沒有偵錯資訊，連結物件
fltkd.lib(fl_dnd.obj) : warning LNK4099: 找不到 PDB 'fltk.pdb' (有 'fltkd.lib(fl_dnd.obj)' 或位於 'D:\Daniel\Graphics\WaterSurface-master\build\Debug\fltk.pdb')，當做沒有偵錯資訊，連結物件
fltkd.lib(vsnprintf.obj) : warning LNK4099: 找不到 PDB 'fltk.pdb' (有 'fltkd.lib(vsnprintf.obj)' 或位於 'D:\Daniel\Graphics\WaterSurface-master\build\Debug\fltk.pdb')，當做沒有偵錯資訊，連結物件
fltkd.lib(Fl_grab.obj) : warning LNK4099: 找不到 PDB 'fltk.pdb' (有 'fltkd.lib(Fl_grab.obj)' 或位於 'D:\Daniel\Graphics\WaterSurface-master\build\Debug\fltk.pdb')，當做沒有偵錯資訊，連結物件
fltkd.lib(fl_shortcut.obj) : warning LNK4099: 找不到 PDB 'fltk.pdb' (有 'fltkd.lib(fl_shortcut.obj)' 或位於 'D:\Daniel\Graphics\WaterSurface-master\build\Debug\fltk.pdb')，當做沒有偵錯資訊，連結物件
fltkd.lib(Fl_Return_Button.obj) : warning LNK4099: 找不到 PDB 'fltk.pdb' (有 'fltkd.lib(Fl_Return_Button.obj)' 或位於 'D:\Daniel\Graphics\WaterSurface-master\build\Debug\fltk.pdb')，當做沒有偵錯資訊，連結物件
fltkd.lib(Fl_Window_hotspot.obj) : warning LNK4099: 找不到 PDB 'fltk.pdb' (有 'fltkd.lib(Fl_Window_hotspot.obj)' 或位於 'D:\Daniel\Graphics\WaterSurface-master\build\Debug\fltk.pdb')，當做沒有偵錯資訊，連結物件
fltkd.lib(Fl_Input_.obj) : warning LNK4099: 找不到 PDB 'fltk.pdb' (有 'fltkd.lib(Fl_Input_.obj)' 或位於 'D:\Daniel\Graphics\WaterSurface-master\build\Debug\fltk.pdb')，當做沒有偵錯資訊，連結物件
fltkd.lib(Fl_Input.obj) : warning LNK4099: 找不到 PDB 'fltk.pdb' (有 'fltkd.lib(Fl_Input.obj)' 或位於 'D:\Daniel\Graphics\WaterSurface-master\build\Debug\fltk.pdb')，當做沒有偵錯資訊，連結物件
fltkd.lib(flstring.obj) : warning LNK4099: 找不到 PDB 'fltk.pdb' (有 'fltkd.lib(flstring.obj)' 或位於 'D:\Daniel\Graphics\WaterSurface-master\build\Debug\fltk.pdb')，當做沒有偵錯資訊，連結物件
fltkd.lib(filename_absolute.obj) : warning LNK4099: 找不到 PDB 'fltk.pdb' (有 'fltkd.lib(filename_absolute.obj)' 或位於 'D:\Daniel\Graphics\WaterSurface-master\build\Debug\fltk.pdb')，當做沒有偵錯資訊，連結物件
fltkd.lib(Fl_File_Chooser.obj) : warning LNK4099: 找不到 PDB 'fltk.pdb' (有 'fltkd.lib(Fl_File_Chooser.obj)' 或位於 'D:\Daniel\Graphics\WaterSurface-master\build\Debug\fltk.pdb')，當做沒有偵錯資訊，連結物件
fltkd.lib(Fl_File_Chooser2.obj) : warning LNK4099: 找不到 PDB 'fltk.pdb' (有 'fltkd.lib(Fl_File_Chooser2.obj)' 或位於 'D:\Daniel\Graphics\WaterSurface-master\build\Debug\fltk.pdb')，當做沒有偵錯資訊，連結物件
fltkd.lib(fl_boxtype.obj) : warning LNK4099: 找不到 PDB 'fltk.pdb' (有 'fltkd.lib(fl_boxtype.obj)' 或位於 'D:\Daniel\Graphics\WaterSurface-master\build\Debug\fltk.pdb')，當做沒有偵錯資訊，連結物件
fltkd.lib(Fl_Scrollbar.obj) : warning LNK4099: 找不到 PDB 'fltk.pdb' (有 'fltkd.lib(Fl_Scrollbar.obj)' 或位於 'D:\Daniel\Graphics\WaterSurface-master\build\Debug\fltk.pdb')，當做沒有偵錯資訊，連結物件
fltkd.lib(Fl_Browser_.obj) : warning LNK4099: 找不到 PDB 'fltk.pdb' (有 'fltkd.lib(Fl_Browser_.obj)' 或位於 'D:\Daniel\Graphics\WaterSurface-master\build\Debug\fltk.pdb')，當做沒有偵錯資訊，連結物件
fltkd.lib(Fl_Menu_.obj) : warning LNK4099: 找不到 PDB 'fltk.pdb' (有 'fltkd.lib(Fl_Menu_.obj)' 或位於 'D:\Daniel\Graphics\WaterSurface-master\build\Debug\fltk.pdb')，當做沒有偵錯資訊，連結物件
fltkd.lib(Fl_Menu_Button.obj) : warning LNK4099: 找不到 PDB 'fltk.pdb' (有 'fltkd.lib(Fl_Menu_Button.obj)' 或位於 'D:\Daniel\Graphics\WaterSurface-master\build\Debug\fltk.pdb')，當做沒有偵錯資訊，連結物件
fltkd.lib(Fl_Repeat_Button.obj) : warning LNK4099: 找不到 PDB 'fltk.pdb' (有 'fltkd.lib(Fl_Repeat_Button.obj)' 或位於 'D:\Daniel\Graphics\WaterSurface-master\build\Debug\fltk.pdb')，當做沒有偵錯資訊，連結物件
fltkd.lib(Fl_Bitmap.obj) : warning LNK4099: 找不到 PDB 'fltk.pdb' (有 'fltkd.lib(Fl_Bitmap.obj)' 或位於 'D:\Daniel\Graphics\WaterSurface-master\build\Debug\fltk.pdb')，當做沒有偵錯資訊，連結物件
fltkd.lib(Fl_Slider.obj) : warning LNK4099: 找不到 PDB 'fltk.pdb' (有 'fltkd.lib(Fl_Slider.obj)' 或位於 'D:\Daniel\Graphics\WaterSurface-master\build\Debug\fltk.pdb')，當做沒有偵錯資訊，連結物件
fltkd.lib(case.obj) : warning LNK4099: 找不到 PDB 'fltk.pdb' (有 'fltkd.lib(case.obj)' 或位於 'D:\Daniel\Graphics\WaterSurface-master\build\Debug\fltk.pdb')，當做沒有偵錯資訊，連結物件
fltkd.lib(is_spacing.obj) : warning LNK4099: 找不到 PDB 'fltk.pdb' (有 'fltkd.lib(is_spacing.obj)' 或位於 'D:\Daniel\Graphics\WaterSurface-master\build\Debug\fltk.pdb')，當做沒有偵錯資訊，連結物件
fltkd.lib(fl_draw_pixmap.obj) : warning LNK4099: 找不到 PDB 'fltk.pdb' (有 'fltkd.lib(fl_draw_pixmap.obj)' 或位於 'D:\Daniel\Graphics\WaterSurface-master\build\Debug\fltk.pdb')，當做沒有偵錯資訊，連結物件
fltkd.lib(filename_match.obj) : warning LNK4099: 找不到 PDB 'fltk.pdb' (有 'fltkd.lib(filename_match.obj)' 或位於 'D:\Daniel\Graphics\WaterSurface-master\build\Debug\fltk.pdb')，當做沒有偵錯資訊，連結物件
fltkd.lib(numericsort.obj) : warning LNK4099: 找不到 PDB 'fltk.pdb' (有 'fltkd.lib(numericsort.obj)' 或位於 'D:\Daniel\Graphics\WaterSurface-master\build\Debug\fltk.pdb')，當做沒有偵錯資訊，連結物件
fltkd.lib(filename_list.obj) : warning LNK4099: 找不到 PDB 'fltk.pdb' (有 'fltkd.lib(filename_list.obj)' 或位於 'D:\Daniel\Graphics\WaterSurface-master\build\Debug\fltk.pdb')，當做沒有偵錯資訊，連結物件
fltkd.lib(fl_line_style.obj) : warning LNK4099: 找不到 PDB 'fltk.pdb' (有 'fltkd.lib(fl_line_style.obj)' 或位於 'D:\Daniel\Graphics\WaterSurface-master\build\Debug\fltk.pdb')，當做沒有偵錯資訊，連結物件
fltkd.lib(fl_vertex.obj) : warning LNK4099: 找不到 PDB 'fltk.pdb' (有 'fltkd.lib(fl_vertex.obj)' 或位於 'D:\Daniel\Graphics\WaterSurface-master\build\Debug\fltk.pdb')，當做沒有偵錯資訊，連結物件
fltkd.lib(fl_curve.obj) : warning LNK4099: 找不到 PDB 'fltk.pdb' (有 'fltkd.lib(fl_curve.obj)' 或位於 'D:\Daniel\Graphics\WaterSurface-master\build\Debug\fltk.pdb')，當做沒有偵錯資訊，連結物件
fltkd.lib(fl_arc.obj) : warning LNK4099: 找不到 PDB 'fltk.pdb' (有 'fltkd.lib(fl_arc.obj)' 或位於 'D:\Daniel\Graphics\WaterSurface-master\build\Debug\fltk.pdb')，當做沒有偵錯資訊，連結物件
fltkd.lib(fl_arci.obj) : warning LNK4099: 找不到 PDB 'fltk.pdb' (有 'fltkd.lib(fl_arci.obj)' 或位於 'D:\Daniel\Graphics\WaterSurface-master\build\Debug\fltk.pdb')，當做沒有偵錯資訊，連結物件
fltkd.lib(Fl_Pixmap.obj) : warning LNK4099: 找不到 PDB 'fltk.pdb' (有 'fltkd.lib(Fl_Pixmap.obj)' 或位於 'D:\Daniel\Graphics\WaterSurface-master\build\Debug\fltk.pdb')，當做沒有偵錯資訊，連結物件
fltkd.lib(fl_draw_image.obj) : warning LNK4099: 找不到 PDB 'fltk.pdb' (有 'fltkd.lib(fl_draw_image.obj)' 或位於 'D:\Daniel\Graphics\WaterSurface-master\build\Debug\fltk.pdb')，當做沒有偵錯資訊，連結物件
fltkd.lib(fl_symbols.obj) : warning LNK4099: 找不到 PDB 'fltk.pdb' (有 'fltkd.lib(fl_symbols.obj)' 或位於 'D:\Daniel\Graphics\WaterSurface-master\build\Debug\fltk.pdb')，當做沒有偵錯資訊，連結物件
fltkd.lib(Fl_Menu_Window.obj) : warning LNK4099: 找不到 PDB 'fltk.pdb' (有 'fltkd.lib(Fl_Menu_Window.obj)' 或位於 'D:\Daniel\Graphics\WaterSurface-master\build\Debug\fltk.pdb')，當做沒有偵錯資訊，連結物件
fltkd.lib(fl_plastic.obj) : warning LNK4099: 找不到 PDB 'fltk.pdb' (有 'fltkd.lib(fl_plastic.obj)' 或位於 'D:\Daniel\Graphics\WaterSurface-master\build\Debug\fltk.pdb')，當做沒有偵錯資訊，連結物件
fltkd.lib(fl_gtk.obj) : warning LNK4099: 找不到 PDB 'fltk.pdb' (有 'fltkd.lib(fl_gtk.obj)' 或位於 'D:\Daniel\Graphics\WaterSurface-master\build\Debug\fltk.pdb')，當做沒有偵錯資訊，連結物件
fltkd.lib(fl_gleam.obj) : warning LNK4099: 找不到 PDB 'fltk.pdb' (有 'fltkd.lib(fl_gleam.obj)' 或位於 'D:\Daniel\Graphics\WaterSurface-master\build\Debug\fltk.pdb')，當做沒有偵錯資訊，連結物件
fltkd.lib(Fl_Tiled_Image.obj) : warning LNK4099: 找不到 PDB 'fltk.pdb' (有 'fltkd.lib(Fl_Tiled_Image.obj)' 或位於 'D:\Daniel\Graphics\WaterSurface-master\build\Debug\fltk.pdb')，當做沒有偵錯資訊，連結物件
fltkd.lib(fl_round_box.obj) : warning LNK4099: 找不到 PDB 'fltk.pdb' (有 'fltkd.lib(fl_round_box.obj)' 或位於 'D:\Daniel\Graphics\WaterSurface-master\build\Debug\fltk.pdb')，當做沒有偵錯資訊，連結物件
fltkd.lib(fl_cursor.obj) : warning LNK4099: 找不到 PDB 'fltk.pdb' (有 'fltkd.lib(fl_cursor.obj)' 或位於 'D:\Daniel\Graphics\WaterSurface-master\build\Debug\fltk.pdb')，當做沒有偵錯資訊，連結物件
fltkd.lib(Fl_Choice.obj) : warning LNK4099: 找不到 PDB 'fltk.pdb' (有 'fltkd.lib(Fl_Choice.obj)' 或位於 'D:\Daniel\Graphics\WaterSurface-master\build\Debug\fltk.pdb')，當做沒有偵錯資訊，連結物件
fltkd.lib(Fl_Tile.obj) : warning LNK4099: 找不到 PDB 'fltk.pdb' (有 'fltkd.lib(Fl_Tile.obj)' 或位於 'D:\Daniel\Graphics\WaterSurface-master\build\Debug\fltk.pdb')，當做沒有偵錯資訊，連結物件
fltkd.lib(Fl_File_Browser.obj) : warning LNK4099: 找不到 PDB 'fltk.pdb' (有 'fltkd.lib(Fl_File_Browser.obj)' 或位於 'D:\Daniel\Graphics\WaterSurface-master\build\Debug\fltk.pdb')，當做沒有偵錯資訊，連結物件
fltkd.lib(Fl_Check_Button.obj) : warning LNK4099: 找不到 PDB 'fltk.pdb' (有 'fltkd.lib(Fl_Check_Button.obj)' 或位於 'D:\Daniel\Graphics\WaterSurface-master\build\Debug\fltk.pdb')，當做沒有偵錯資訊，連結物件
fltkd.lib(Fl_File_Input.obj) : warning LNK4099: 找不到 PDB 'fltk.pdb' (有 'fltkd.lib(Fl_File_Input.obj)' 或位於 'D:\Daniel\Graphics\WaterSurface-master\build\Debug\fltk.pdb')，當做沒有偵錯資訊，連結物件
fltkd.lib(Fl_Menu_add.obj) : warning LNK4099: 找不到 PDB 'fltk.pdb' (有 'fltkd.lib(Fl_Menu_add.obj)' 或位於 'D:\Daniel\Graphics\WaterSurface-master\build\Debug\fltk.pdb')，當做沒有偵錯資訊，連結物件
fltkd.lib(Fl_File_Icon.obj) : warning LNK4099: 找不到 PDB 'fltk.pdb' (有 'fltkd.lib(Fl_File_Icon.obj)' 或位於 'D:\Daniel\Graphics\WaterSurface-master\build\Debug\fltk.pdb')，當做沒有偵錯資訊，連結物件
fltkd.lib(filename_expand.obj) : warning LNK4099: 找不到 PDB 'fltk.pdb' (有 'fltkd.lib(filename_expand.obj)' 或位於 'D:\Daniel\Graphics\WaterSurface-master\build\Debug\fltk.pdb')，當做沒有偵錯資訊，連結物件
fltkd.lib(filename_isdir.obj) : warning LNK4099: 找不到 PDB 'fltk.pdb' (有 'fltkd.lib(filename_isdir.obj)' 或位於 'D:\Daniel\Graphics\WaterSurface-master\build\Debug\fltk.pdb')，當做沒有偵錯資訊，連結物件
fltkd.lib(Fl_Shared_Image.obj) : warning LNK4099: 找不到 PDB 'fltk.pdb' (有 'fltkd.lib(Fl_Shared_Image.obj)' 或位於 'D:\Daniel\Graphics\WaterSurface-master\build\Debug\fltk.pdb')，當做沒有偵錯資訊，連結物件
fltkd.lib(Fl_Menu.obj) : warning LNK4099: 找不到 PDB 'fltk.pdb' (有 'fltkd.lib(Fl_Menu.obj)' 或位於 'D:\Daniel\Graphics\WaterSurface-master\build\Debug\fltk.pdb')，當做沒有偵錯資訊，連結物件
fltkd.lib(scandir.obj) : warning LNK4099: 找不到 PDB 'fltk.pdb' (有 'fltkd.lib(scandir.obj)' 或位於 'D:\Daniel\Graphics\WaterSurface-master\build\Debug\fltk.pdb')，當做沒有偵錯資訊，連結物件
fltkd.lib(Fl_Single_Window.obj) : warning LNK4099: 找不到 PDB 'fltk.pdb' (有 'fltkd.lib(Fl_Single_Window.obj)' 或位於 'D:\Daniel\Graphics\WaterSurface-master\build\Debug\fltk.pdb')，當做沒有偵錯資訊，連結物件
fltkd.lib(Fl_Light_Button.obj) : warning LNK4099: 找不到 PDB 'fltk.pdb' (有 'fltkd.lib(Fl_Light_Button.obj)' 或位於 'D:\Daniel\Graphics\WaterSurface-master\build\Debug\fltk.pdb')，當做沒有偵錯資訊，連結物件
fltkd.lib(Fl_XBM_Image.obj) : warning LNK4099: 找不到 PDB 'fltk.pdb' (有 'fltkd.lib(Fl_XBM_Image.obj)' 或位於 'D:\Daniel\Graphics\WaterSurface-master\build\Debug\fltk.pdb')，當做沒有偵錯資訊，連結物件
fltkd.lib(Fl_XPM_Image.obj) : warning LNK4099: 找不到 PDB 'fltk.pdb' (有 'fltkd.lib(Fl_XPM_Image.obj)' 或位於 'D:\Daniel\Graphics\WaterSurface-master\build\Debug\fltk.pdb')，當做沒有偵錯資訊，連結物件
Object.obj : error LNK2019: 在函式 "bool __cdecl loadOBJ(char const *,class std::vector<struct glm::tvec3<float,0>,class std::allocator<struct glm::tvec3<float,0> > > &,class std::vector<struct glm::tvec2<float,0>,class std::allocator<struct glm::tvec2<float,0> > > &,class std::vector<struct glm::tvec3<float,0>,class std::allocator<struct glm::tvec3<float,0> > > &)" (?loadOBJ@@YA_NPEBDAEAV?$vector@U?$tvec3@M$0A@@glm@@V?$allocator@U?$tvec3@M$0A@@glm@@@std@@@std@@AEAV?$vector@U?$tvec2@M$0A@@glm@@V?$allocator@U?$tvec2@M$0A@@glm@@@std@@@2@1@Z)"public: __cdecl Object::Object(class std::basic_string<char,struct std::char_traits<char>,class std::allocator<char> >,class std::basic_string<char,struct std::char_traits<char>,class std::allocator<char> >)" (??0Object@@QEAA@V?$basic_string@DU?$char_traits@D@std@@V?$allocator@D@2@@std@@0@Z) 中參考了無法解析的外部符號
Object.obj : error LNK2019: 在函式 "bool __cdecl loadOBJ_noN(char const *,class std::vector<struct glm::tvec3<float,0>,class std::allocator<struct glm::tvec3<float,0> > > &,class std::vector<struct glm::tvec2<float,0>,class std::allocator<struct glm::tvec2<float,0> > > &)" (?loadOBJ_noN@@YA_NPEBDAEAV?$vector@U?$tvec3@M$0A@@glm@@V?$allocator@U?$tvec3@M$0A@@glm@@@std@@@std@@AEAV?$vector@U?$tvec2@M$0A@@glm@@V?$allocator@U?$tvec2@M$0A@@glm@@@std@@@2@@Z)"public: __cdecl Object_noN::Object_noN(class std::basic_string<char,struct std::char_traits<char>,class std::allocator<char> >,class std::basic_string<char,struct std::char_traits<char>,class std::allocator<char> >,class std::basic_string<char,struct std::char_traits<char>,class std::allocator<char> >)" (??0Object_noN@@QEAA@V?$basic_string@DU?$char_traits@D@std@@V?$allocator@D@2@@std@@00@Z) 中參考了無法解析的外部符號
Object.obj : error LNK2019: 在函式 "bool __cdecl loadOBJ_4f(char const *,class std::vector<struct glm::tvec3<float,0>,class std::allocator<struct glm::tvec3<float,0> > > &,class std::vector<struct glm::tvec2<float,0>,class std::allocator<struct glm::tvec2<float,0> > > &,class std::vector<struct glm::tvec3<float,0>,class std::allocator<struct glm::tvec3<float,0> > > &)" (?loadOBJ_4f@@YA_NPEBDAEAV?$vector@U?$tvec3@M$0A@@glm@@V?$allocator@U?$tvec3@M$0A@@glm@@@std@@@std@@AEAV?$vector@U?$tvec2@M$0A@@glm@@V?$allocator@U?$tvec2@M$0A@@glm@@@std@@@2@1@Z)"public: __cdecl Object_4f::Object_4f(class std::basic_string<char,struct std::char_traits<char>,class std::allocator<char> >,class std::basic_string<char,struct std::char_traits<char>,class std::allocator<char> >)" (??0Object_4f@@QEAA@V?$basic_string@DU?$char_traits@D@std@@V?$allocator@D@2@@std@@0@Z) 中參考了無法解析的外部符號
D:\Daniel\Graphics\WaterSurface-master\build\Debug\WaterSurface.exe : fatal error LNK1120: 3 個無法解析的外部符號
